<?xml version="1.0" encoding="UTF-8"?>
<!-- Generated by org.testng.reporters.JUnitReportReporter -->
<testsuite hostname="DESKTOP-609BUQK" failures="0" tests="1" name="com.webappsecurity.zero.testscripts.VerifyFundTransferText" time="1.459" errors="0" timestamp="2021-03-15T10:49:29 EDT" skipped="0">
  <testcase classname="com.webappsecurity.zero.testscripts.VerifyFundTransferText" name="VerifyFundTransfer" time="1.459"/>
  <system-out/>
</testsuite> <!-- com.webappsecurity.zero.testscripts.VerifyFundTransferText -->
