<?xml version="1.0" encoding="UTF-8"?>
<!-- Generated by org.testng.reporters.JUnitReportReporter -->
<testsuite hostname="DESKTOP-609BUQK" failures="0" tests="1" name="com.webappsecurity.zero.testscripts.VerifyFundTransferTest" time="1.649" errors="0" timestamp="2021-03-16T19:34:20 EDT" skipped="0">
  <testcase classname="com.webappsecurity.zero.testscripts.VerifyFundTransferTest" name="VerifyFundTransfer" time="1.649"/>
  <system-out/>
</testsuite> <!-- com.webappsecurity.zero.testscripts.VerifyFundTransferTest -->
